app/build/intermediates/manifest_merge_blame_file/debug/manifest-merger-blame-debug-report.txt
1<?xml version="1.0" encoding="utf-8"?>
2<manifest xmlns:android="http://schemas.android.com/apk/res/android"
3    package="com.example.findingbooks"
4    android:versionCode="1"
5    android:versionName="1.0" >
6
7    <uses-sdk
8        android:minSdkVersion="16"
8-->src/main/AndroidManifest.xml
9        android:targetSdkVersion="29" />
9-->src/main/AndroidManifest.xml
10
11    <uses-permission android:name="android.permission.INTERNET" />
11-->src/main/AndroidManifest.xml:5:5-67
11-->src/main/AndroidManifest.xml:5:22-64
12    <uses-permission android:name="android.permission.ACCESS_NETWORK_STATE" />
12-->src/main/AndroidManifest.xml:6:5-79
12-->src/main/AndroidManifest.xml:6:22-76
13
14    <application
14-->src/main/AndroidManifest.xml:9:5-27:19
15        android:allowBackup="true"
15-->src/main/AndroidManifest.xml:10:9-35
16        android:appComponentFactory="androidx.core.app.CoreComponentFactory"
16-->[androidx.core:core:1.1.0] AndroidManifest.xml:24:18-86
17        android:debuggable="true"
18        android:icon="@drawable/logo"
18-->src/main/AndroidManifest.xml:11:9-38
19        android:label="@string/app_name"
19-->src/main/AndroidManifest.xml:12:9-41
20        android:roundIcon="@drawable/logo"
20-->src/main/AndroidManifest.xml:13:9-43
21        android:supportsRtl="true"
21-->src/main/AndroidManifest.xml:14:9-35
22        android:testOnly="true"
23        android:theme="@style/AppTheme"
23-->src/main/AndroidManifest.xml:15:9-40
24        android:usesCleartextTraffic="true"
24-->src/main/AndroidManifest.xml:16:9-44
25        android:windowSoftInputMode="stateHidden" >
25-->src/main/AndroidManifest.xml:17:9-50
26        <activity android:name="com.example.findingbooks.ui.details.DetailsActivity" />
26-->src/main/AndroidManifest.xml:18:9-73
26-->src/main/AndroidManifest.xml:18:19-61
27        <activity android:name="com.example.findingbooks.ui.main.MainActivity" />
27-->src/main/AndroidManifest.xml:19:9-58
27-->src/main/AndroidManifest.xml:19:19-55
28        <activity android:name="com.example.findingbooks.ui.intro.IntroActivity" >
28-->src/main/AndroidManifest.xml:20:9-26:20
28-->src/main/AndroidManifest.xml:20:19-57
29            <intent-filter>
29-->src/main/AndroidManifest.xml:21:13-25:29
30                <action android:name="android.intent.action.MAIN" />
30-->src/main/AndroidManifest.xml:22:17-69
30-->src/main/AndroidManifest.xml:22:25-66
31
32                <category android:name="android.intent.category.LAUNCHER" />
32-->src/main/AndroidManifest.xml:24:17-77
32-->src/main/AndroidManifest.xml:24:27-74
33            </intent-filter>
34        </activity>
35
36        <provider
36-->[com.squareup.picasso:picasso:2.71828] AndroidManifest.xml:8:9-11:40
37            android:name="com.squareup.picasso.PicassoProvider"
37-->[com.squareup.picasso:picasso:2.71828] AndroidManifest.xml:9:13-64
38            android:authorities="com.example.findingbooks.com.squareup.picasso"
38-->[com.squareup.picasso:picasso:2.71828] AndroidManifest.xml:10:13-72
39            android:exported="false" />
39-->[com.squareup.picasso:picasso:2.71828] AndroidManifest.xml:11:13-37
40        <provider
40-->[androidx.lifecycle:lifecycle-process:2.1.0] AndroidManifest.xml:23:9-27:43
41            android:name="androidx.lifecycle.ProcessLifecycleOwnerInitializer"
41-->[androidx.lifecycle:lifecycle-process:2.1.0] AndroidManifest.xml:24:13-79
42            android:authorities="com.example.findingbooks.lifecycle-process"
42-->[androidx.lifecycle:lifecycle-process:2.1.0] AndroidManifest.xml:25:13-69
43            android:exported="false"
43-->[androidx.lifecycle:lifecycle-process:2.1.0] AndroidManifest.xml:26:13-37
44            android:multiprocess="true" />
44-->[androidx.lifecycle:lifecycle-process:2.1.0] AndroidManifest.xml:27:13-40
45    </application>
46
47</manifest>